
test_get_fuel is PASS, 22/01/2023 18:30:28
test_go_with_max_velocity is PASS, 22/01/2023 18:34:07
test_go_with_max_velocity is PASS, 22/01/2023 18:35:11
test_go_with_max_velocity is PASS, 22/01/2023 18:37:38
test_go_with_max_velocity is PASS, 22/01/2023 18:38:19
test_go_with_max_velocity is PASS, 22/01/2023 18:38:58
test_go_with_max_velocity is PASS, 22/01/2023 18:39:51
test_go_with_max_velocity is PASS, 22/01/2023 18:41:26
test_get_fuel is FAILED, 22/01/2023 18:43:15
test_go_with_max_velocity is PASS, 22/01/2023 18:44:31
test_go_with_max_velocity is PASS, 22/01/2023 18:46:01
test_go_with_max_velocity is FAILED, 22/01/2023 19:57:46
test_go_with_max_velocity is PASS, 22/01/2023 19:58:56
test_go_with_max_velocity is PASS, 22/01/2023 19:59:33
test_go_with_max_velocity is FAILED, 22/01/2023 20:00:07
test_go_with_max_velocity is FAILED, 22/01/2023 20:01:23
test_go_with_max_velocity is FAILED, 22/01/2023 20:01:51
test_go_with_max_velocity is PASS, 22/01/2023 20:02:53
test_go_with_max_velocity is PASS, 22/01/2023 20:04:00
test_go_with_max_velocity is FAILED, 22/01/2023 20:04:42
test_go_with_max_velocity is FAILED, 22/01/2023 20:04:51
test_go_with_max_velocity is PASS, 22/01/2023 20:05:53
test_go_with_max_velocity is PASS, 22/01/2023 20:06:09
test_go_with_max_velocity is FAILED, 22/01/2023 20:06:22
test_add_fuel is PASS, 22/01/2023 20:08:39
test_go_with_driving_without_resource is PASS, 22/01/2023 20:11:33
test_go_with_driving_without_resource is FAILED, 22/01/2023 20:11:48
test_get_fuel is FAILED, 22/01/2023 20:37:31
test_get_fuel is PASS, 22/01/2023 20:37:42
test_get_fuel is PASS, 22/01/2023 20:40:04
test_get_fuel is PASS, 22/01/2023 20:40:39
test_get_fuel Failed: DID NOT RAISE <class 'OverflowError'>, 22/01/2023 20:42:17
test_get_fuel Failed: DID NOT RAISE <class 'OverflowError'>, 22/01/2023 20:59:46
test_get_fuel Failed: DID NOT RAISE <class 'OverflowError'>, 22/01/2023 21:00:34
test_get_fuel is PASS, 22/01/2023 21:00:49
test_get_fuel is PASS, 22/01/2023 21:01:59
test_get_fuel Failed: DID NOT RAISE <class 'OverflowError'>, 22/01/2023 21:02:33
test_get_fuel_consumer Failed: DID NOT RAISE <class 'OverflowError'>, 22/01/2023 21:03:16
test_get_fuel_after_driving Failed: DID NOT RAISE <class 'OverflowError'>, 22/01/2023 21:04:59
test_get_fuel_after_driving Failed: DID NOT RAISE <class 'OverflowError'>, 22/01/2023 21:05:11
test_get_fuel_after_driving Failed: DID NOT RAISE <class 'OverflowError'>, 22/01/2023 21:06:16
test_budget_after_add_fuel Failed: DID NOT RAISE <class 'OverflowError'>, 22/01/2023 21:13:25
test_stop Failed: DID NOT RAISE <class 'OverflowError'>, 23/01/2023 09:41:47
test_stop Failed: DID NOT RAISE <class 'OverflowError'>, 23/01/2023 09:41:55
test_stop is PASS, 23/01/2023 09:42:27
